<?xml version="1.0" encoding="UTF-8"?>
<!-- Generated by org.testng.reporters.JUnitReportReporter -->
<testsuite hostname="SRM-0909" name="com.trusthub.cobranca.CobrancaRelatoriosApplicationTest" tests="1" failures="0" timestamp="10 Jun 2019 17:15:43 GMT" time="0.074" errors="0">
  <testcase name="contextLoads" time="0.074" classname="com.trusthub.cobranca.CobrancaRelatoriosApplicationTest"/>
</testsuite> <!-- com.trusthub.cobranca.CobrancaRelatoriosApplicationTest -->
